[debug] [2018-09-13T18:52:16.515Z] ----------------------------------------------------------------------
[debug] [2018-09-13T18:52:16.518Z] Command:       /usr/local/bin/node /usr/local/bin/firebase serve
[debug] [2018-09-13T18:52:16.519Z] CLI Version:   4.2.1
[debug] [2018-09-13T18:52:16.519Z] Platform:      darwin
[debug] [2018-09-13T18:52:16.519Z] Node Version:  v10.10.0
[debug] [2018-09-13T18:52:16.528Z] Time:          Thu Sep 13 2018 11:52:16 GMT-0700 (Pacific Daylight Time)
[debug] [2018-09-13T18:52:16.528Z] ----------------------------------------------------------------------
[debug] 
[debug] [2018-09-13T18:52:16.550Z] > command requires scopes: ["email","openid","https://www.googleapis.com/auth/cloudplatformprojects.readonly","https://www.googleapis.com/auth/firebase","https://www.googleapis.com/auth/cloud-platform"]
[debug] [2018-09-13T18:52:16.551Z] > authorizing via signed-in user
[debug] [2018-09-13T18:52:16.555Z] >>> HTTP REQUEST GET https://admin.firebase.com/v1/projects/studu-fc  
 
[debug] [2018-09-13T18:52:16.998Z] <<< HTTP RESPONSE 200
[debug] [2018-09-13T18:52:17.000Z] >>> HTTP REQUEST GET https://cloudresourcemanager.googleapis.com/v1/projects/studu-fc  
 
[debug] [2018-09-13T18:52:17.462Z] <<< HTTP RESPONSE 200
[info] 
[info] === Serving from '/Users/abhuballu/Desktop/balaram/Studu'...
[info] 
[debug] [2018-09-13T18:52:17.467Z] >>> HTTP REQUEST GET https://mobilesdk-pa.googleapis.com/v1/projects/65568207164/clients/_:getWebAppConfig  
 
[debug] [2018-09-13T18:52:17.764Z] <<< HTTP RESPONSE 200
[info] i  hosting[studu-fc]: Serving hosting files from: public
[info] ✔  hosting[studu-fc]: Local server: http://localhost:5000
